<?xml version="1.0" encoding="UTF-8"?>
<testsuite name="com.example.demo.UseSoccerApplicationTests" tests="1" skipped="0" failures="0" errors="0" timestamp="2023-11-17T20:10:58" hostname="Jinnys-Air" time="0.96">
  <properties/>
  <testcase name="contextLoads()" classname="com.example.demo.UseSoccerApplicationTests" time="0.96"/>
  <system-out><![CDATA[
  .   ____          _            __ _ _
 /\\ / ___'_ __ _ _(_)_ __  __ _ \ \ \ \
( ( )\___ | '_ | '_| | '_ \/ _` | \ \ \ \
 \\/  ___)| |_)| | | | | || (_| |  ) ) ) )
  '  |____| .__|_| |_|_| |_\__, | / / / /
 =========|_|==============|___/=/_/_/_/
 :: Spring Boot ::                (v3.1.3)

2023-11-17T12:10:53.718-08:00  WARN 98060 --- [    Test worker] ory$DuplicateJsonObjectContextCustomizer : 

Found multiple occurrences of org.json.JSONObject on the class path:

	jar:file:/Users/jinnykim/.gradle/caches/modules-2/files-2.1/org.json/json/20230227/7a0d4aca76513d8ce81f9b044ce8126b84809ad8/json-20230227.jar!/org/json/JSONObject.class
	jar:file:/Users/jinnykim/.gradle/caches/modules-2/files-2.1/com.vaadin.external.google/android-json/0.0.20131108.vaadin1/fa26d351fe62a6a17f5cda1287c1c6110dec413f/android-json-0.0.20131108.vaadin1.jar!/org/json/JSONObject.class

You may wish to exclude one of them to ensure predictable runtime behavior

2023-11-17T12:10:53.749-08:00  INFO 98060 --- [    Test worker] c.e.demo.UseSoccerApplicationTests       : Starting UseSoccerApplicationTests using Java 17.0.7 with PID 98060 (started by jinnykim in /Users/jinnykim/IdeaProjects/UseSoccer)
2023-11-17T12:10:53.772-08:00  INFO 98060 --- [    Test worker] c.e.demo.UseSoccerApplicationTests       : No active profile set, falling back to 1 default profile: "default"
2023-11-17T12:10:54.874-08:00  INFO 98060 --- [    Test worker] .s.d.r.c.RepositoryConfigurationDelegate : Bootstrapping Spring Data JPA repositories in DEFAULT mode.
2023-11-17T12:10:54.903-08:00  INFO 98060 --- [    Test worker] .s.d.r.c.RepositoryConfigurationDelegate : Finished Spring Data repository scanning in 21 ms. Found 0 JPA repository interfaces.
2023-11-17T12:10:55.841-08:00  INFO 98060 --- [    Test worker] com.zaxxer.hikari.HikariDataSource       : HikariPool-1 - Starting...
2023-11-17T12:10:56.254-08:00  INFO 98060 --- [    Test worker] com.zaxxer.hikari.pool.HikariPool        : HikariPool-1 - Added connection com.mysql.cj.jdbc.ConnectionImpl@3915e7c3
2023-11-17T12:10:56.257-08:00  INFO 98060 --- [    Test worker] com.zaxxer.hikari.HikariDataSource       : HikariPool-1 - Start completed.
2023-11-17T12:10:56.323-08:00  INFO 98060 --- [    Test worker] o.hibernate.jpa.internal.util.LogHelper  : HHH000204: Processing PersistenceUnitInfo [name: default]
2023-11-17T12:10:56.377-08:00  INFO 98060 --- [    Test worker] org.hibernate.Version                    : HHH000412: Hibernate ORM core version 6.2.7.Final
2023-11-17T12:10:56.380-08:00  INFO 98060 --- [    Test worker] org.hibernate.cfg.Environment            : HHH000406: Using bytecode reflection optimizer
2023-11-17T12:10:56.548-08:00  INFO 98060 --- [    Test worker] o.h.b.i.BytecodeProviderInitiator        : HHH000021: Bytecode provider name : bytebuddy
2023-11-17T12:10:56.698-08:00  INFO 98060 --- [    Test worker] o.s.o.j.p.SpringPersistenceUnitInfo      : No LoadTimeWeaver setup: ignoring JPA class transformer
2023-11-17T12:10:56.872-08:00  INFO 98060 --- [    Test worker] o.h.b.i.BytecodeProviderInitiator        : HHH000021: Bytecode provider name : bytebuddy
2023-11-17T12:10:57.066-08:00  INFO 98060 --- [    Test worker] o.h.e.t.j.p.i.JtaPlatformInitiator       : HHH000490: Using JtaPlatform implementation: [org.hibernate.engine.transaction.jta.platform.internal.NoJtaPlatform]
2023-11-17T12:10:57.072-08:00  INFO 98060 --- [    Test worker] j.LocalContainerEntityManagerFactoryBean : Initialized JPA EntityManagerFactory for persistence unit 'default'
2023-11-17T12:10:57.785-08:00  WARN 98060 --- [    Test worker] JpaBaseConfiguration$JpaWebConfiguration : spring.jpa.open-in-view is enabled by default. Therefore, database queries may be performed during view rendering. Explicitly configure spring.jpa.open-in-view to disable this warning
2023-11-17T12:10:58.754-08:00  INFO 98060 --- [    Test worker] c.e.demo.UseSoccerApplicationTests       : Started UseSoccerApplicationTests in 5.403 seconds (process running for 6.99)
]]></system-out>
  <system-err><![CDATA[]]></system-err>
</testsuite>
