<?xml version="1.0" encoding="UTF-8"?>
<testsuite name="com.example.demo.UseSoccerApplicationTests" tests="1" skipped="0" failures="0" errors="0" timestamp="2023-11-24T00:59:41" hostname="Jinnys-Air" time="0.94">
  <properties/>
  <testcase name="contextLoads()" classname="com.example.demo.UseSoccerApplicationTests" time="0.94"/>
  <system-out><![CDATA[
  .   ____          _            __ _ _
 /\\ / ___'_ __ _ _(_)_ __  __ _ \ \ \ \
( ( )\___ | '_ | '_| | '_ \/ _` | \ \ \ \
 \\/  ___)| |_)| | | | | || (_| |  ) ) ) )
  '  |____| .__|_| |_|_| |_\__, | / / / /
 =========|_|==============|___/=/_/_/_/
 :: Spring Boot ::                (v3.1.3)

2023-11-23T16:59:36.111-08:00  WARN 58084 --- [    Test worker] ory$DuplicateJsonObjectContextCustomizer : 

Found multiple occurrences of org.json.JSONObject on the class path:

	jar:file:/Users/jinnykim/.gradle/caches/modules-2/files-2.1/org.json/json/20230227/7a0d4aca76513d8ce81f9b044ce8126b84809ad8/json-20230227.jar!/org/json/JSONObject.class
	jar:file:/Users/jinnykim/.gradle/caches/modules-2/files-2.1/com.vaadin.external.google/android-json/0.0.20131108.vaadin1/fa26d351fe62a6a17f5cda1287c1c6110dec413f/android-json-0.0.20131108.vaadin1.jar!/org/json/JSONObject.class

You may wish to exclude one of them to ensure predictable runtime behavior

2023-11-23T16:59:36.150-08:00  INFO 58084 --- [    Test worker] c.e.demo.UseSoccerApplicationTests       : Starting UseSoccerApplicationTests using Java 17.0.7 with PID 58084 (started by jinnykim in /Users/jinnykim/IdeaProjects/UseSoccer)
2023-11-23T16:59:36.153-08:00  INFO 58084 --- [    Test worker] c.e.demo.UseSoccerApplicationTests       : No active profile set, falling back to 1 default profile: "default"
2023-11-23T16:59:37.324-08:00  INFO 58084 --- [    Test worker] .s.d.r.c.RepositoryConfigurationDelegate : Bootstrapping Spring Data JPA repositories in DEFAULT mode.
2023-11-23T16:59:37.356-08:00  INFO 58084 --- [    Test worker] .s.d.r.c.RepositoryConfigurationDelegate : Finished Spring Data repository scanning in 25 ms. Found 0 JPA repository interfaces.
2023-11-23T16:59:38.384-08:00  INFO 58084 --- [    Test worker] com.zaxxer.hikari.HikariDataSource       : HikariPool-1 - Starting...
2023-11-23T16:59:38.793-08:00  INFO 58084 --- [    Test worker] com.zaxxer.hikari.pool.HikariPool        : HikariPool-1 - Added connection com.mysql.cj.jdbc.ConnectionImpl@3915e7c3
2023-11-23T16:59:38.797-08:00  INFO 58084 --- [    Test worker] com.zaxxer.hikari.HikariDataSource       : HikariPool-1 - Start completed.
2023-11-23T16:59:38.881-08:00  INFO 58084 --- [    Test worker] o.hibernate.jpa.internal.util.LogHelper  : HHH000204: Processing PersistenceUnitInfo [name: default]
2023-11-23T16:59:38.940-08:00  INFO 58084 --- [    Test worker] org.hibernate.Version                    : HHH000412: Hibernate ORM core version 6.2.7.Final
2023-11-23T16:59:38.944-08:00  INFO 58084 --- [    Test worker] org.hibernate.cfg.Environment            : HHH000406: Using bytecode reflection optimizer
2023-11-23T16:59:39.127-08:00  INFO 58084 --- [    Test worker] o.h.b.i.BytecodeProviderInitiator        : HHH000021: Bytecode provider name : bytebuddy
2023-11-23T16:59:39.270-08:00  INFO 58084 --- [    Test worker] o.s.o.j.p.SpringPersistenceUnitInfo      : No LoadTimeWeaver setup: ignoring JPA class transformer
2023-11-23T16:59:39.414-08:00  INFO 58084 --- [    Test worker] o.h.b.i.BytecodeProviderInitiator        : HHH000021: Bytecode provider name : bytebuddy
2023-11-23T16:59:39.607-08:00  INFO 58084 --- [    Test worker] o.h.e.t.j.p.i.JtaPlatformInitiator       : HHH000490: Using JtaPlatform implementation: [org.hibernate.engine.transaction.jta.platform.internal.NoJtaPlatform]
2023-11-23T16:59:39.612-08:00  INFO 58084 --- [    Test worker] j.LocalContainerEntityManagerFactoryBean : Initialized JPA EntityManagerFactory for persistence unit 'default'
2023-11-23T16:59:40.337-08:00  WARN 58084 --- [    Test worker] JpaBaseConfiguration$JpaWebConfiguration : spring.jpa.open-in-view is enabled by default. Therefore, database queries may be performed during view rendering. Explicitly configure spring.jpa.open-in-view to disable this warning
2023-11-23T16:59:41.267-08:00  INFO 58084 --- [    Test worker] c.e.demo.UseSoccerApplicationTests       : Started UseSoccerApplicationTests in 5.598 seconds (process running for 7.311)
]]></system-out>
  <system-err><![CDATA[]]></system-err>
</testsuite>
